Log file open, 08/14/16 15:13:09
LogInit:Display: Running engine for game: Andromeda_Wars
LogPlatformFile: Not using cached read wrapper
LogInit:Display: RandInit(2069330925) SRandInit(2069330928).
LogTaskGraph: Started task graph with 4 named threads and 5 total threads with 1 sets of task threads.
LogStats: Stats thread started at 0.197240
LogInit: Version: 4.12.5-3039270+++UE4+Release-4.12
LogInit: API Version: 2992821
LogInit: Net Version: 3039270
LogDevObjectVersion: Number of dev versions registered: 13
LogDevObjectVersion:   Dev-Blueprints (B0D832E4-1F89-4F0D-ACCF-7EB736FD4AA2): 3
LogDevObjectVersion:   Dev-Build (E1C64328-A22C-4D53-A36C-8E866417BD8C): 0
LogDevObjectVersion:   Dev-Core (375EC13C-06E4-48FB-B500-84F0262A717E): 1
LogDevObjectVersion:   Dev-Editor (E4B068ED-F494-42E9-A231-DA0B2E46BB41): 2
LogDevObjectVersion:   Dev-Framework (CFFC743F-43B0-4480-9391-14DF171D2073): 6
LogDevObjectVersion:   Dev-Mobile (B02B49B5-BB20-44E9-A304-32B752E40360): 0
LogDevObjectVersion:   Dev-Networking (A4E4105C-59A1-49B5-A7C5-40C4547EDFEE): 0
LogDevObjectVersion:   Dev-Online (39C831C9-5AE6-47DC-9A44-9C173E1C8E7C): 0
LogDevObjectVersion:   Dev-Physics (78F01B33-EBEA-4F98-B9B4-84EACCB95AA2): 0
LogDevObjectVersion:   Dev-Platform (6631380F-2D4D-43E0-8009-CF276956A95A): 0
LogDevObjectVersion:   Dev-Rendering (12F88B9F-8875-4AFC-A67C-D90C383ABD29): 2
LogDevObjectVersion:   Dev-Sequencer (7B5AE74C-D270-4C10-A958-57980B212A5A): 0
LogDevObjectVersion:   Dev-VR (D7296918-1DD6-4BDD-9DE2-64A83CC13884): 0
LogInit: Compiled (64-bit): Jul  6 2016 09:09:46
LogInit: Compiled with Visual C++: 19.00.23026.00
LogInit: Build Configuration: Development
LogInit: Branch Name: ++UE4+Release-4.12
LogInit: Command line:  
LogInit: Base directory: D:/Programme/Unreal Engine 4/Epic Games/4.12/Engine/Binaries/Win64/
LogInit: Installed Engine Build: 1
LogInit: Using libcurl 7.41.0
LogInit:  - built for x86_64-pc-win32
LogInit:  - supports SSL with WinSSL
LogInit:  - other features:
LogInit:      CURL_VERSION_SSL
LogInit:      CURL_VERSION_IPV6
LogInit:      CURL_VERSION_ASYNCHDNS
LogInit:      CURL_VERSION_LARGEFILE
LogInit:      CURL_VERSION_IDN
LogInit:  CurlRequestOptions (configurable via config and command line):
LogInit:  - bVerifyPeer = true  - Libcurl will verify peer certificate
LogInit:  - bUseHttpProxy = false  - Libcurl will NOT use HTTP proxy
LogInit:  - bDontReuseConnections = false  - Libcurl will reuse connections
LogInit:  - CertBundlePath = nullptr  - Libcurl will use whatever was configured at build time.
LogInit: Presizing for max 8388607 objects, including 0 objects not considered by GC, pre-allocating 0 bytes for permanent pool.
LogInit: Object subsystem initialized
[2016.08.14-13.13.09:963][  0]LogInit: Selected Device Profile: [Windows]
[2016.08.14-13.13.09:963][  0]LogInit: Applying CVar settings loaded from the selected device profile: [Windows]
[2016.08.14-13.13.10:038][  0]LogInit: Computer: LAPTOP-TTAB8BTQ
[2016.08.14-13.13.10:038][  0]LogInit: User: carsten
[2016.08.14-13.13.10:038][  0]LogInit: CPU Page size=65536, Cores=2
[2016.08.14-13.13.10:038][  0]LogInit: High frequency timer resolution =2.343750 MHz
[2016.08.14-13.13.10:038][  0]LogMemory: Memory total: Physical=7.9GB (8GB approx)
[2016.08.14-13.13.10:038][  0]LogMemory: Platform Memory Stats for Windows
[2016.08.14-13.13.10:038][  0]LogMemory: Process Physical Memory: 189.34 MB used, 189.34 MB peak
[2016.08.14-13.13.10:038][  0]LogMemory: Process Virtual Memory: 194.73 MB used, 194.73 MB peak
[2016.08.14-13.13.10:038][  0]LogMemory: Physical Memory: 2396.39 MB used, 8115.27 MB total
[2016.08.14-13.13.10:038][  0]LogMemory: Virtual Memory: 552.42 MB used, 134217728.00 MB total
[2016.08.14-13.13.10:807][  0]LogTextLocalizationManager: No translations for ('de-DE') exist, falling back to 'en' for localization and internationalization data.
[2016.08.14-13.13.12:081][  0]LogD3D11RHI: D3D11 adapters:
[2016.08.14-13.13.12:125][  0]LogD3D11RHI:    0. 'NVIDIA GeForce 840M    ' (Feature Level 11_0)
[2016.08.14-13.13.12:125][  0]LogD3D11RHI:       1996/0/4057 MB DedicatedVideo/DedicatedSystem/SharedSystem, Outputs:1, VendorId:0x10de
[2016.08.14-13.13.12:136][  0]LogD3D11RHI:    1. 'Intel(R) HD Graphics Family' (Feature Level 11_0)
[2016.08.14-13.13.12:136][  0]LogD3D11RHI:       112/0/4057 MB DedicatedVideo/DedicatedSystem/SharedSystem, Outputs:0, VendorId:0x8086
[2016.08.14-13.13.12:141][  0]LogD3D11RHI:    2. 'Microsoft Basic Render Driver' (Feature Level 11_0)
[2016.08.14-13.13.12:141][  0]LogD3D11RHI:       0/0/4057 MB DedicatedVideo/DedicatedSystem/SharedSystem, Outputs:0, VendorId:0x1414
[2016.08.14-13.13.12:141][  0]LogD3D11RHI: Chosen D3D11 Adapter: 0
[2016.08.14-13.13.12:149][  0]LogD3D11RHI: Creating new Direct3DDevice
[2016.08.14-13.13.12:149][  0]LogD3D11RHI:     GPU DeviceId: 0x1341 (for the marketing name, search the web for "GPU Device Id")
[2016.08.14-13.13.12:149][  0]LogWindows: EnumDisplayDevices:
[2016.08.14-13.13.12:150][  0]LogWindows:    0. 'Intel(R) HD Graphics Family' (P:1 D:1)
[2016.08.14-13.13.12:150][  0]LogWindows:    1. 'Intel(R) HD Graphics Family' (P:0 D:0)
[2016.08.14-13.13.12:151][  0]LogWindows:    2. 'Intel(R) HD Graphics Family' (P:0 D:0)
[2016.08.14-13.13.12:151][  0]LogWindows: DebugString: PrimaryIsNotTheChoosenAdapter PrimaryIsNotTheChoosenAdapter PrimaryIsNotTheChoosenAdapter FoundDriverCount:0 
[2016.08.14-13.13.12:151][  0]LogD3D11RHI:     Adapter Name: NVIDIA GeForce 840M    
[2016.08.14-13.13.12:151][  0]LogD3D11RHI:   Driver Version: Unknown (internal:Unknown, unified:Unknown)
[2016.08.14-13.13.12:151][  0]LogD3D11RHI:      Driver Date: Unknown
[2016.08.14-13.13.12:151][  0]LogRHI: Texture pool is 1361 MB (70% of 1945 MB)
[2016.08.14-13.13.12:177][  0]LogD3D11RHI: Async texture creation enabled
[2016.08.14-13.13.12:202][  0]LogD3D11RHI: GPU Timing Frequency: 1000.000000 (Debug: 2 2)
[2016.08.14-13.13.12:203][  0]LogShaderCompilers: Guid format shader working directory is -7 characters bigger than the processId version (../../../../../../../Sae Projekte/MOBA/Andromeda_Wars/Intermediate/Shaders/WorkingDirectory/3224/).
[2016.08.14-13.13.12:203][  0]LogShaderCompilers: Cleaned the shader compiler working directory 'C:/Users/carst/AppData/Local/Temp/UnrealShaderWorkingDir/110295774FE87C8EE7557A8C07208D70/'.
[2016.08.14-13.13.12:203][  0]LogShaderCompilers:Display: Using Local Shader Compiler.
[2016.08.14-13.13.16:797][  0]LogTemp:Display: Loaded TP AllDesktopTargetPlatform
[2016.08.14-13.13.16:830][  0]LogTemp:Display: Loaded TP WindowsClientTargetPlatform
[2016.08.14-13.13.16:863][  0]LogTemp:Display: Loaded TP WindowsNoEditorTargetPlatform
[2016.08.14-13.13.16:896][  0]LogTemp:Display: Loaded TP WindowsServerTargetPlatform
[2016.08.14-13.13.16:929][  0]LogTemp:Display: Loaded TP WindowsTargetPlatform
[2016.08.14-13.13.16:970][  0]LogTemp:Display: Loaded TP AndroidTargetPlatform
[2016.08.14-13.13.16:988][  0]LogTemp:Display: Loaded TP Android_ASTCTargetPlatform
[2016.08.14-13.13.17:007][  0]LogTemp:Display: Loaded TP Android_ATCTargetPlatform
[2016.08.14-13.13.17:025][  0]LogTemp:Display: Loaded TP Android_DXTTargetPlatform
[2016.08.14-13.13.17:040][  0]LogTemp:Display: Loaded TP Android_ETC1TargetPlatform
[2016.08.14-13.13.17:054][  0]LogTemp:Display: Loaded TP Android_ETC2TargetPlatform
[2016.08.14-13.13.17:082][  0]LogTemp:Display: Loaded TP Android_MultiTargetPlatform
[2016.08.14-13.13.17:082][  0]LogTemp:Display: Loaded TP Android_PVRTCTargetPlatform
[2016.08.14-13.13.17:083][  0]LogTemp:Display: Loaded TP HTML5TargetPlatform
[2016.08.14-13.13.17:283][  0]LogTemp:Display: Loaded TP IOSTargetPlatform
[2016.08.14-13.13.17:301][  0]LogTemp:Display: Loaded TP TVOSTargetPlatform
[2016.08.14-13.13.17:319][  0]LogTemp:Display: Loaded TP LinuxNoEditorTargetPlatform
[2016.08.14-13.13.17:337][  0]LogTemp:Display: Loaded TP LinuxServerTargetPlatform
[2016.08.14-13.13.17:360][  0]LogTemp:Display: Loaded TP LinuxTargetPlatform
[2016.08.14-13.13.17:360][  0]LogTargetPlatformManager:Display: Building Assets For Windows
[2016.08.14-13.13.18:826][  0]LogDerivedDataCache:Display: Max Cache Size: 512 MB
[2016.08.14-13.13.19:326][  0]LogDerivedDataCache: Loaded boot cache 0.49s 48MB C:/Users/carst/AppData/Local/UnrealEngine/4.12/DerivedDataCache/Boot.ddc.
[2016.08.14-13.13.19:327][  0]LogDerivedDataCache:Display: Loaded Boot cache: C:/Users/carst/AppData/Local/UnrealEngine/4.12/DerivedDataCache/Boot.ddc
[2016.08.14-13.13.19:328][  0]LogDerivedDataCache: FDerivedDataBackendGraph:  Pak pak cache file ../../../../../../../Sae Projekte/MOBA/Andromeda_Wars/DerivedDataCache/DDC.ddp not found, will not use a pak cache.
[2016.08.14-13.13.19:328][  0]LogDerivedDataCache: Unable to find inner node Pak for hierarchical cache Hierarchy.
[2016.08.14-13.13.19:328][  0]LogDerivedDataCache: FDerivedDataBackendGraph:  CompressedPak pak cache file ../../../../../../../Sae Projekte/MOBA/Andromeda_Wars/DerivedDataCache/Compressed.ddp not found, will not use a pak cache.
[2016.08.14-13.13.19:328][  0]LogDerivedDataCache: Unable to find inner node CompressedPak for hierarchical cache Hierarchy.
[2016.08.14-13.13.19:509][  0]LogDerivedDataCache:Display: Pak cache opened for reading ../../../Engine/DerivedDataCache/Compressed.ddp.
[2016.08.14-13.13.19:530][  0]LogDerivedDataCache: Using Local data cache path C:/Users/carst/AppData/Local/UnrealEngine/Common/DerivedDataCache: Writable
[2016.08.14-13.13.35:664][  0]LogInit: Selected Device Profile: [Windows]
[2016.08.14-13.13.35:767][  0]LogContentStreaming: Texture pool size is 0.00 MB
[2016.08.14-13.13.39:754][  0]LogMeshUtilities: No automatic mesh reduction module available
[2016.08.14-13.13.39:754][  0]LogMeshUtilities: No automatic mesh merging module available
[2016.08.14-13.13.39:754][  0]LogMeshUtilities: No distributed automatic mesh merging module available
[2016.08.14-13.13.45:463][  0]LogAssetRegistry: FAssetRegistry took 0.0394 seconds to start up
[2016.08.14-13.13.45:683][  0]LogPackageLocalizationCache: Processed 3 localized package path(s) for 1 prioritized culture(s) in 0.135555 seconds
[2016.08.14-13.13.45:765][  0]LogUObjectArray: 28739 objects as part of root set at end of initial load.
[2016.08.14-13.13.45:765][  0]LogUObjectAllocator: 5855624 out of 0 bytes used by permanent object pool.
[2016.08.14-13.13.45:765][  0]LogUObjectArray: CloseDisregardForGC: 0/0 objects in disregard for GC pool
[2016.08.14-13.13.45:804][  0]LogInit: WinSock: version 1.1 (2.2), MaxSocks=32767, MaxUdp=65467
[2016.08.14-13.13.54:270][  0]LogSlate: SlateFontCache - WITH_FREETYPE: 1, WITH_HARFBUZZ: 1
[2016.08.14-13.13.54:292][  0]LogSlate: SlateFontCache - WITH_FREETYPE: 1, WITH_HARFBUZZ: 1
[2016.08.14-13.14.26:740][  0]LogUdpMessaging: Initializing bridge on interface 0.0.0.0:0 to multicast group 230.0.0.1:6666.
[2016.08.14-13.14.29:999][  0]SourceControl: Info Source control is disabled
[2016.08.14-13.14.30:224][  0]SourceControl: Info Source control is disabled
[2016.08.14-13.14.30:381][  0]SourceControl: Info Source control is disabled
[2016.08.14-13.14.30:476][  0]SourceControl: Info Source control is disabled
[2016.08.14-13.14.33:936][  0]LogEngine: Initializing Engine...
[2016.08.14-13.14.34:166][  0]LogHMD: SteamVR failed to initialize.  Err: 110
[2016.08.14-13.14.34:199][  0]LogHMD: SteamVR failed to initialize.  Err: 110
[2016.08.14-13.14.35:809][  0]LogAIModule: Creating AISystem for world NewWorld
[2016.08.14-13.14.36:353][  0]LogInit: XAudio2 using 'Lautsprecher (Realtek High Definition Audio)' : 2 channels at 48 kHz using 32 bits per sample (channel mask 0x3)
[2016.08.14-13.14.36:619][  0]LogInit: FAudioDevice initialized.
[2016.08.14-13.14.36:670][  0]LogDerivedDataCache: Saved boot cache 0.05s 48MB C:/Users/carst/AppData/Local/UnrealEngine/4.12/DerivedDataCache/Boot.ddc.
[2016.08.14-13.14.36:694][  0]LogInit: Texture streaming: Enabled
[2016.08.14-13.14.37:141][  0]LogInit: Transaction tracking system initialized
[2016.08.14-13.14.37:593][  0]BlueprintLog: New page: Editor Load
[2016.08.14-13.14.39:117][  0]LocalizationService: Info Localization service is disabled
[2016.08.14-13.14.39:943][  0]LogConsoleResponse:Display: 
[2016.08.14-13.14.41:219][  0]LogFileCache: Scanning file cache for directory 'D:/Sae Projekte/MOBA/Andromeda_Wars/Content/' took 0.02s
[2016.08.14-13.14.41:219][  0]LogCook:Display: Max memory allowance for cook 8192mb
[2016.08.14-13.14.41:219][  0]LogCook:Display: Mobile HDR setting 1
[2016.08.14-13.14.44:254][  0]SourceControl: Info Source control is disabled
[2016.08.14-13.14.44:354][  0]Cmd: MAP LOAD FILE="../../../Engine/Content/Maps/Templates/Template_Default.umap" TEMPLATE=1 SHOWPROGRESS=1 FEATURELEVEL=3
[2016.08.14-13.14.44:392][  0]LightingResults: New page: Lighting Build
[2016.08.14-13.14.44:622][  0]MapCheck: New page: Map Check
[2016.08.14-13.14.44:622][  0]LightingResults: New page: Lighting Build
[2016.08.14-13.14.46:361][  0]LogAIModule: Creating AISystem for world Untitled_1
[2016.08.14-13.14.47:320][  0]LogEditorServer: Finished looking for orphan Actors (0.000 secs)
[2016.08.14-13.14.47:376][  0]Cmd: MAP CHECKDEP NOCLEARLOG
[2016.08.14-13.14.47:495][  0]MapCheck: Info Map check complete: 0 Error(s), 0 Warning(s), took 118.256ms to complete.
[2016.08.14-13.14.47:495][  0]LogFileHelpers: Loading map 'Template_Default' took 3.203
[2016.08.14-13.14.49:514][  0]LogCollectionManager: Loaded 0 collections in 0.005201 seconds
[2016.08.14-13.14.49:774][  0]LogFileCache: Scanning file cache for directory 'D:/Sae Projekte/MOBA/Andromeda_Wars/Saved/Collections/' took 0.01s
[2016.08.14-13.14.49:774][  0]LogFileCache: Scanning file cache for directory 'D:/Sae Projekte/MOBA/Andromeda_Wars/Content/Developers/carsten/Collections/' took 0.01s
[2016.08.14-13.14.49:774][  0]LogFileCache: Scanning file cache for directory 'D:/Sae Projekte/MOBA/Andromeda_Wars/Content/Collections/' took 0.01s
[2016.08.14-13.14.49:774][  0]LogCollectionManager: Rebuilt the GUID cache for 0 collections in 0.000009 seconds
[2016.08.14-13.14.49:840][  0]LogContentBrowser: Native class hierarchy populated in 0.0517 seconds. Added 2047 classes and 369 folders.
[2016.08.14-13.14.49:945][  0]LogStats: UGameplayTagsManager::ConstructGameplayTagTree: Construct from data asset -  0.000 s
[2016.08.14-13.14.49:946][  0]LogStats: UGameplayTagsManager::ConstructGameplayTagTree: GameplayTagTreeChangedEvent.Broadcast -  0.000 s
[2016.08.14-13.14.49:949][  0]LogContentBrowser: Native class hierarchy updated for 'GameplayTags' in 0.0022 seconds. Added 12 classes and 0 folders.
[2016.08.14-13.14.50:036][  0]LogContentBrowser: Native class hierarchy updated for 'WidgetCarousel' in 0.0018 seconds. Added 0 classes and 0 folders.
[2016.08.14-13.14.51:693][  0]LogContentBrowser: Native class hierarchy updated for 'AddContentDialog' in 0.0021 seconds. Added 0 classes and 0 folders.
[2016.08.14-13.14.51:776][  0]LogContentBrowser: Native class hierarchy updated for 'SceneOutliner' in 0.0020 seconds. Added 1 classes and 2 folders.
[2016.08.14-13.14.52:372][  0]LogCrashTracker: Crashtracker disabled due to settings.
[2016.08.14-13.14.52:576][  0]LogUObjectGlobals:Warning: Failed to find object 'Class None.'
[2016.08.14-13.14.52:703][  0]LogContentBrowser: Native class hierarchy updated for 'HierarchicalLODOutliner' in 0.0030 seconds. Added 1 classes and 2 folders.
[2016.08.14-13.14.52:704][  0]LogLoad: Full Startup: 108.04 seconds (BP compile: 0.89 seconds)
[2016.08.14-13.14.52:704][  0]LogExternalProfiler: Found external profiler: VSPerf
[2016.08.14-13.14.52:704][  0]LogExternalProfiler: Using external profiler: VSPerf
[2016.08.14-13.14.52:770][  0]LogOcInput: OculusInput pre-init called
[2016.08.14-13.14.53:128][  0]LogContentStreaming: Texture pool size now 1000 MB
[2016.08.14-13.14.54:162][  0]LogRenderer: Reallocating scene render targets to support 1004x484 (Frame:2).
[2016.08.14-13.14.55:176][  4]LogAssetRegistry: Asset discovery search completed in 69.7387 seconds
[2016.08.14-13.14.55:187][  4]LogCollectionManager: Rebuilt the object cache for 0 collections in 0.000001 seconds (found 0 objects)
[2016.08.14-13.14.55:187][  4]LogCollectionManager: Fixed up redirectors for 0 collections in 0.011085 seconds (updated 0 objects)
[2016.08.14-13.40.09:222][979]LogContentBrowser: Native class hierarchy updated for 'BlueprintGraph' in 0.0036 seconds. Added 111 classes and 0 folders.
[2016.08.14-13.50.00:329][996]LogFileHelpers: Editor autosave (incl. sublevels) for '/Temp/Untitled_1' took 0.068
[2016.08.14-13.50.00:401][996]OBJ SavePackage: Generating thumbnails for [0] asset(s) in package [/Game/Blueprints/Minions/Minions] ([1] browsable assets)...
[2016.08.14-13.50.00:401][996]OBJ SavePackage: Finished generating thumbnails for package [/Game/Blueprints/Minions/Minions]
[2016.08.14-13.50.00:516][996]LogSavePackage: Save=95.83ms
[2016.08.14-13.50.00:516][996]LogSavePackage: Moving '../../../../../../../Sae Projekte/MOBA/Andromeda_Wars/Saved/Minions_Auto1D405417B49B2789BB3CBF6812A9C8EFA.tmp' to '../../../../../../../Sae Projekte/MOBA/Andromeda_Wars/Saved/Autosaves/Game/Blueprints/Minions/Minions_Auto1.uasset'
[2016.08.14-13.50.00:526][996]LogSavePackage:Display: Finished SavePackage ../../../../../../../Sae Projekte/MOBA/Andromeda_Wars/Saved/Autosaves/Game/Blueprints/Minions/Minions_Auto1.uasset
[2016.08.14-13.50.00:529][996]OBJ SavePackage: Generating thumbnails for [0] asset(s) in package [/Game/Blueprints/Minions/BP_Minions_AIController] ([1] browsable assets)...
[2016.08.14-13.50.00:530][996]OBJ SavePackage: Finished generating thumbnails for package [/Game/Blueprints/Minions/BP_Minions_AIController]
[2016.08.14-13.50.00:569][996]LogSavePackage: Save=21.80ms
[2016.08.14-13.50.00:569][996]LogSavePackage: Moving '../../../../../../../Sae Projekte/MOBA/Andromeda_Wars/Saved/BP_Minions_AIController_Auto1D71539814BC4F89BB25B6E92C257D4A3.tmp' to '../../../../../../../Sae Projekte/MOBA/Andromeda_Wars/Saved/Autosaves/Game/Blueprints/Minions/BP_Minions_AIController_Auto1.uasset'
[2016.08.14-13.50.00:574][996]LogSavePackage:Display: Finished SavePackage ../../../../../../../Sae Projekte/MOBA/Andromeda_Wars/Saved/Autosaves/Game/Blueprints/Minions/BP_Minions_AIController_Auto1.uasset
[2016.08.14-13.50.00:574][996]LogFileHelpers: Auto-saving content packages took 0.191
[2016.08.14-13.55.04:087][723]LogMetaData: Removing '/Game/Blueprints/Minions/BP_Minions.BP_Minions:UserConstructionScript.K2Node_FunctionEntry_0' ref from Metadata '/Game/Blueprints/Minions/Minions.PackageMetaData'
[2016.08.14-13.55.04:088][723]LogMetaData: Removing '/Game/Blueprints/Minions/BP_Minions.SKEL_BP_Minions_C' ref from Metadata '/Game/Blueprints/Minions/Minions.PackageMetaData'
[2016.08.14-13.55.04:088][723]LogMetaData: Removing '/Game/Blueprints/Minions/BP_Minions.BP_Minions_C' ref from Metadata '/Game/Blueprints/Minions/Minions.PackageMetaData'
[2016.08.14-13.55.04:088][723]LogMetaData: Removing '/Game/Blueprints/Minions/BP_Minions.BP_Minions:EventGraph.K2Node_Event_0' ref from Metadata '/Game/Blueprints/Minions/Minions.PackageMetaData'
[2016.08.14-13.55.04:088][723]LogMetaData: Removing '/Game/Blueprints/Minions/BP_Minions.BP_Minions:EventGraph.K2Node_Event_1' ref from Metadata '/Game/Blueprints/Minions/Minions.PackageMetaData'
[2016.08.14-13.55.04:088][723]LogMetaData: Removing '/Game/Blueprints/Minions/BP_Minions.BP_Minions:EventGraph.K2Node_Event_2' ref from Metadata '/Game/Blueprints/Minions/Minions.PackageMetaData'
[2016.08.14-13.55.04:134][723]Cmd: OBJ SAVEPACKAGE PACKAGE="/Game/Blueprints/Minions/BP_Minions" FILE="../../../../../../../Sae Projekte/MOBA/Andromeda_Wars/Content/Blueprints/Minions/BP_Minions.uasset" SILENT=true
[2016.08.14-13.55.04:169][723]LogSavePackage: Save=27.80ms
[2016.08.14-13.55.04:169][723]LogSavePackage: Moving '../../../../../../../Sae Projekte/MOBA/Andromeda_Wars/Saved/BP_Minions56FF2014449EE027F3028586A88454A1.tmp' to '../../../../../../../Sae Projekte/MOBA/Andromeda_Wars/Content/Blueprints/Minions/BP_Minions.uasset'
[2016.08.14-13.55.04:174][723]LogSavePackage:Display: Finished SavePackage ../../../../../../../Sae Projekte/MOBA/Andromeda_Wars/Content/Blueprints/Minions/BP_Minions.uasset
[2016.08.14-13.57.42:910][816]Cmd: OBJ SAVEPACKAGE PACKAGE="/Game/Andromeda_Wars" FILE="../../../../../../../Sae Projekte/MOBA/Andromeda_Wars/Content/Andromeda_Wars.umap" SILENT=true AUTOSAVING=false KEEPDIRTY=false
[2016.08.14-13.57.43:099][816]LogSavePackage: Save=84.64ms
[2016.08.14-13.57.43:099][816]LogSavePackage: Moving '../../../../../../../Sae Projekte/MOBA/Andromeda_Wars/Saved/Andromeda_WarsE5559E004CAC177937196BBFFFD2BDF2.tmp' to '../../../../../../../Sae Projekte/MOBA/Andromeda_Wars/Content/Andromeda_Wars.umap'
[2016.08.14-13.57.43:102][816]LogSavePackage:Display: Finished SavePackage ../../../../../../../Sae Projekte/MOBA/Andromeda_Wars/Content/Andromeda_Wars.umap
[2016.08.14-13.57.43:174][816]LogFileHelpers: Saving map 'Andromeda_Wars' took 1.714
[2016.08.14-13.57.47:191][ 62]Cmd: OBJ SAVEPACKAGE PACKAGE="/Game/Andromeda_Wars" FILE="../../../../../../../Sae Projekte/MOBA/Andromeda_Wars/Content/Andromeda_Wars.umap" SILENT=true AUTOSAVING=false KEEPDIRTY=false
[2016.08.14-13.57.47:302][ 62]LogSavePackage: Save=45.33ms
[2016.08.14-13.57.47:302][ 62]LogSavePackage: Moving '../../../../../../../Sae Projekte/MOBA/Andromeda_Wars/Saved/Andromeda_WarsF895E0AD493BB785C06E7CB51085222F.tmp' to '../../../../../../../Sae Projekte/MOBA/Andromeda_Wars/Content/Andromeda_Wars.umap'
[2016.08.14-13.57.47:305][ 62]LogSavePackage:Display: Finished SavePackage ../../../../../../../Sae Projekte/MOBA/Andromeda_Wars/Content/Andromeda_Wars.umap
[2016.08.14-13.58.07:535][586]Cmd: OBJ SAVEPACKAGE PACKAGE="/Game/Map/Andromeda_Wars" FILE="../../../../../../../Sae Projekte/MOBA/Andromeda_Wars/Content/Map/Andromeda_Wars.umap" SILENT=true AUTOSAVING=false KEEPDIRTY=false
[2016.08.14-13.58.07:728][586]LogSavePackage: Save=67.39ms
[2016.08.14-13.58.07:728][586]LogSavePackage: Moving '../../../../../../../Sae Projekte/MOBA/Andromeda_Wars/Saved/Andromeda_Wars7D24D9644B297245FC77F7B94EC7B1D1.tmp' to '../../../../../../../Sae Projekte/MOBA/Andromeda_Wars/Content/Map/Andromeda_Wars.umap'
[2016.08.14-13.58.07:734][586]LogSavePackage:Display: Finished SavePackage ../../../../../../../Sae Projekte/MOBA/Andromeda_Wars/Content/Map/Andromeda_Wars.umap
[2016.08.14-13.58.07:775][586]LogFileHelpers: Saving map 'Andromeda_Wars' took 0.407
[2016.08.14-13.58.14:043][968]Cmd: OBJ SAVEPACKAGE PACKAGE="/Game/Map/Andromeda_Wars" FILE="../../../../../../../Sae Projekte/MOBA/Andromeda_Wars/Content/Map/Andromeda_Wars.umap" SILENT=true AUTOSAVING=false KEEPDIRTY=false
[2016.08.14-13.58.14:171][968]LogSavePackage: Save=56.90ms
[2016.08.14-13.58.14:171][968]LogSavePackage: Moving '../../../../../../../Sae Projekte/MOBA/Andromeda_Wars/Saved/Andromeda_WarsA9E7CC3F41B20A262BBF0F9FE96FC182.tmp' to '../../../../../../../Sae Projekte/MOBA/Andromeda_Wars/Content/Map/Andromeda_Wars.umap'
[2016.08.14-13.58.14:174][968]LogSavePackage:Display: Finished SavePackage ../../../../../../../Sae Projekte/MOBA/Andromeda_Wars/Content/Map/Andromeda_Wars.umap
[2016.08.14-14.02.52:814][992]Cmd: OBJ SAVEPACKAGE PACKAGE="/Game/Blueprints/Minions/BT_Waypoint_Minion" FILE="../../../../../../../Sae Projekte/MOBA/Andromeda_Wars/Content/Blueprints/Minions/BT_Waypoint_Minion.uasset" SILENT=true
[2016.08.14-14.02.52:839][992]LogSavePackage: Save=17.39ms
[2016.08.14-14.02.52:839][992]LogSavePackage: Moving '../../../../../../../Sae Projekte/MOBA/Andromeda_Wars/Saved/BT_Waypoint_MinionA9CA97DE486B6D48E5F3D99089FA5FB8.tmp' to '../../../../../../../Sae Projekte/MOBA/Andromeda_Wars/Content/Blueprints/Minions/BT_Waypoint_Minion.uasset'
[2016.08.14-14.02.52:850][992]LogSavePackage:Display: Finished SavePackage ../../../../../../../Sae Projekte/MOBA/Andromeda_Wars/Content/Blueprints/Minions/BT_Waypoint_Minion.uasset
[2016.08.14-14.03.00:088][431]LogRenderer: Reallocating scene render targets to support 1004x760 (Frame:156008).
[2016.08.14-14.03.09:794][247]Cmd: OBJ SAVEPACKAGE PACKAGE="/Game/Blueprints/Minions/BD_Waypoint_Minions" FILE="../../../../../../../Sae Projekte/MOBA/Andromeda_Wars/Content/Blueprints/Minions/BD_Waypoint_Minions.uasset" SILENT=true
[2016.08.14-14.03.09:814][247]LogSavePackage: Save=13.00ms
[2016.08.14-14.03.09:814][247]LogSavePackage: Moving '../../../../../../../Sae Projekte/MOBA/Andromeda_Wars/Saved/BD_Waypoint_Minions89B687B743FFF96A6C5FB694CD2A7A74.tmp' to '../../../../../../../Sae Projekte/MOBA/Andromeda_Wars/Content/Blueprints/Minions/BD_Waypoint_Minions.uasset'
[2016.08.14-14.03.09:826][247]LogSavePackage:Display: Finished SavePackage ../../../../../../../Sae Projekte/MOBA/Andromeda_Wars/Content/Blueprints/Minions/BD_Waypoint_Minions.uasset
[2016.08.14-14.03.13:012][551]LogSavePackage: Save=33.58ms
[2016.08.14-14.03.13:012][551]LogSavePackage: Moving '../../../../../../../Sae Projekte/MOBA/Andromeda_Wars/Saved/BP_Minions_AIController535DBD1643F166FCEE4FFB9F79CDD475.tmp' to '../../../../../../../Sae Projekte/MOBA/Andromeda_Wars/Content/Blueprints/Minions/BP_Minions_AIController.uasset'
[2016.08.14-14.03.13:031][551]LogSavePackage:Display: Finished SavePackage ../../../../../../../Sae Projekte/MOBA/Andromeda_Wars/Content/Blueprints/Minions/BP_Minions_AIController.uasset
[2016.08.14-14.03.13:122][558]LogPackageName: SearchForPackageOnDisk took   0.000s to resolve /Game/Blueprints/Minions/BP_Minions_AIController.
[2016.08.14-14.03.15:784][768]Cmd: OBJ SAVEPACKAGE PACKAGE="/Game/Blueprints/Minions/BP_Waypoint_Actor" FILE="../../../../../../../Sae Projekte/MOBA/Andromeda_Wars/Content/Blueprints/Minions/BP_Waypoint_Actor.uasset" SILENT=true
[2016.08.14-14.03.15:804][768]LogSavePackage: Save=17.53ms
[2016.08.14-14.03.15:804][768]LogSavePackage: Moving '../../../../../../../Sae Projekte/MOBA/Andromeda_Wars/Saved/BP_Waypoint_ActorDE3766CD40142181E65F4E8200A632C7.tmp' to '../../../../../../../Sae Projekte/MOBA/Andromeda_Wars/Content/Blueprints/Minions/BP_Waypoint_Actor.uasset'
[2016.08.14-14.03.15:810][768]LogSavePackage:Display: Finished SavePackage ../../../../../../../Sae Projekte/MOBA/Andromeda_Wars/Content/Blueprints/Minions/BP_Waypoint_Actor.uasset
[2016.08.14-14.03.15:839][771]LogPackageName: SearchForPackageOnDisk took   0.000s to resolve /Game/Blueprints/Minions/BP_Waypoint_Actor.
[2016.08.14-14.03.17:116][878]LogActorComponent: UnregisterComponent: (/Engine/Transient.EditorFloorComp) Not registered. Aborting.
[2016.08.14-14.08.01:998][560]Cmd: OBJ SAVEPACKAGE PACKAGE="/Game/Blueprints/Minions/Minions" FILE="../../../../../../../Sae Projekte/MOBA/Andromeda_Wars/Content/Blueprints/Minions/Minions.uasset" SILENT=true
[2016.08.14-14.08.02:022][560]LogSavePackage: Save=15.75ms
[2016.08.14-14.08.02:022][560]LogSavePackage: Moving '../../../../../../../Sae Projekte/MOBA/Andromeda_Wars/Saved/Minions80E1BC514807C14FE415EDB268DD90BC.tmp' to '../../../../../../../Sae Projekte/MOBA/Andromeda_Wars/Content/Blueprints/Minions/Minions.uasset'
[2016.08.14-14.08.02:034][560]LogSavePackage:Display: Finished SavePackage ../../../../../../../Sae Projekte/MOBA/Andromeda_Wars/Content/Blueprints/Minions/Minions.uasset
[2016.08.14-14.08.02:564][561]Cmd: QUIT_EDITOR
[2016.08.14-14.08.02:780][561]LogWindowsTextInputMethodSystem:Display: IME system now deactivated.
[2016.08.14-14.08.02:892][561]LogExit: Preparing to exit.
[2016.08.14-14.08.04:228][561]LogExit: Editor shut down
[2016.08.14-14.08.04:231][561]LogExit: Transaction tracking system shut down
[2016.08.14-14.08.05:144][561]LogObj: Freed 0b from 0 cluster array pools.
[2016.08.14-14.08.05:145][561]LogExit: Object subsystem successfully closed.
[2016.08.14-14.08.05:261][561]LogD3D11RHI: Shutdown
[2016.08.14-14.08.05:261][561]LogD3D11RHI: CleanupD3DDevice
[2016.08.14-14.08.05:382][561]LogD3D11RHI: ~FD3D11DynamicRHI
[2016.08.14-14.08.05:589][561]LogModuleManager: Shutting down and abandoning module BlueprintGraph (214)
[2016.08.14-14.08.05:589][561]LogModuleManager: Shutting down and abandoning module HierarchicalLODOutliner (213)
[2016.08.14-14.08.05:601][561]LogModuleManager: Shutting down and abandoning module CrashTracker (212)
[2016.08.14-14.08.05:601][561]LogModuleManager: Shutting down and abandoning module SceneOutliner (211)
[2016.08.14-14.08.05:601][561]LogModuleManager: Shutting down and abandoning module WidgetCarousel (210)
[2016.08.14-14.08.05:601][561]LogModuleManager: Shutting down and abandoning module AddContentDialog (209)
[2016.08.14-14.08.05:605][561]LogModuleManager: Shutting down and abandoning module GameplayTags (208)
[2016.08.14-14.08.05:605][561]LogModuleManager: Shutting down and abandoning module EditorWidgets (207)
[2016.08.14-14.08.05:605][561]LogModuleManager: Shutting down and abandoning module CollectionManager (206)
[2016.08.14-14.08.05:606][561]LogModuleManager: Shutting down and abandoning module StatsViewer (205)
[2016.08.14-14.08.05:620][561]LogModuleManager: Shutting down and abandoning module FoliageEdit (204)
[2016.08.14-14.08.05:620][561]LogModuleManager: Shutting down and abandoning module LandscapeEditor (203)
[2016.08.14-14.08.05:632][561]LogModuleManager: Shutting down and abandoning module SceneDepthPickerMode (202)
[2016.08.14-14.08.05:632][561]LogModuleManager: Shutting down and abandoning module ActorPickerMode (201)
[2016.08.14-14.08.05:632][561]LogModuleManager: Shutting down and abandoning module GeometryMode (200)
[2016.08.14-14.08.05:632][561]LogModuleManager: Shutting down and abandoning module TextureAlignMode (199)
[2016.08.14-14.08.05:632][561]LogModuleManager: Shutting down and abandoning module BspMode (198)
[2016.08.14-14.08.05:632][561]LogModuleManager: Shutting down and abandoning module HardwareSurvey (197)
[2016.08.14-14.08.05:632][561]LogModuleManager: Shutting down and abandoning module SequenceRecorderSections (196)
[2016.08.14-14.08.05:632][561]LogModuleManager: Shutting down and abandoning module SequenceRecorder (195)
[2016.08.14-14.08.05:633][561]LogModuleManager: Shutting down and abandoning module AutomationWorker (194)
[2016.08.14-14.08.05:633][561]LogModuleManager: Shutting down and abandoning module MatineeToLevelSequence (193)
[2016.08.14-14.08.05:633][561]LogModuleManager: Shutting down and abandoning module PlacementMode (192)
[2016.08.14-14.08.05:639][561]LogModuleManager: Shutting down and abandoning module LevelSequenceEditor (191)
[2016.08.14-14.08.05:639][561]LogModuleManager: Shutting down and abandoning module CharacterAI (190)
[2016.08.14-14.08.05:639][561]LogModuleManager: Shutting down and abandoning module SmartSnapping (189)
[2016.08.14-14.08.05:639][561]LogModuleManager: Shutting down and abandoning module SessionServices (188)
[2016.08.14-14.08.05:639][561]LogModuleManager: Shutting down and abandoning module ViewportSnapping (187)
[2016.08.14-14.08.05:639][561]LogModuleManager: Shutting down and abandoning module LogVisualizer (186)
[2016.08.14-14.08.05:645][561]LogModuleManager: Shutting down and abandoning module GameProjectGeneration (185)
[2016.08.14-14.08.05:663][561]LogModuleManager: Shutting down and abandoning module IntroTutorials (184)
[2016.08.14-14.08.05:663][561]LogModuleManager: Shutting down and abandoning module EditorLiveStreaming (183)
[2016.08.14-14.08.05:663][561]LogModuleManager: Shutting down and abandoning module IOSPlatformEditor (182)
[2016.08.14-14.08.05:663][561]LogModuleManager: Shutting down and abandoning module HTML5PlatformEditor (181)
[2016.08.14-14.08.05:663][561]LogModuleManager: Shutting down and abandoning module AndroidDeviceDetection (180)
[2016.08.14-14.08.06:558][561]LogModuleManager: Shutting down and abandoning module AndroidPlatformEditor (179)
[2016.08.14-14.08.06:559][561]LogModuleManager: Shutting down and abandoning module IOSRuntimeSettings (178)
[2016.08.14-14.08.06:559][561]LogModuleManager: Shutting down and abandoning module AndroidRuntimeSettings (177)
[2016.08.14-14.08.06:559][561]LogModuleManager: Shutting down and abandoning module MergeActors (176)
[2016.08.14-14.08.06:589][561]LogModuleManager: Shutting down and abandoning module SizeMap (175)
[2016.08.14-14.08.06:590][561]LogModuleManager: Shutting down and abandoning module TreeMap (174)
[2016.08.14-14.08.06:590][561]LogModuleManager: Shutting down and abandoning module ReferenceViewer (173)
[2016.08.14-14.08.06:590][561]LogModuleManager: Shutting down and abandoning module LocalizationService (172)
[2016.08.14-14.08.06:611][561]LogModuleManager: Shutting down and abandoning module LocalizationDashboard (171)
[2016.08.14-14.08.06:617][561]LogModuleManager: Shutting down and abandoning module HardwareTargeting (170)
[2016.08.14-14.08.06:618][561]LogModuleManager: Shutting down and abandoning module DeviceProfileEditor (169)
[2016.08.14-14.08.06:628][561]LogModuleManager: Shutting down and abandoning module UndoHistory (168)
[2016.08.14-14.08.06:636][561]LogModuleManager: Shutting down and abandoning module UserFeedback (167)
[2016.08.14-14.08.06:636][561]LogModuleManager: Shutting down and abandoning module XmlParser (166)
[2016.08.14-14.08.06:636][561]LogModuleManager: Shutting down and abandoning module Blutility (165)
[2016.08.14-14.08.06:636][561]LogModuleManager: Shutting down and abandoning module ProjectTargetPlatformEditor (164)
[2016.08.14-14.08.06:637][561]LogModuleManager: Shutting down and abandoning module ProjectSettingsViewer (163)
[2016.08.14-14.08.06:637][561]LogModuleManager: Shutting down and abandoning module InputBindingEditor (162)
[2016.08.14-14.08.06:637][561]LogModuleManager: Shutting down and abandoning module EditorSettingsViewer (161)
[2016.08.14-14.08.06:637][561]LogModuleManager: Shutting down and abandoning module SettingsEditor (160)
[2016.08.14-14.08.06:640][561]LogModuleManager: Shutting down and abandoning module ProjectLauncher (159)
[2016.08.14-14.08.06:675][561]LogModuleManager: Shutting down and abandoning module SessionFrontend (158)
[2016.08.14-14.08.06:689][561]LogModuleManager: Shutting down and abandoning module ProfilerClient (157)
[2016.08.14-14.08.06:709][561]LogModuleManager: Shutting down and abandoning module TargetDeviceServices (156)
[2016.08.14-14.08.06:709][561]LogModuleManager: Shutting down and abandoning module DeviceManager (155)
[2016.08.14-14.08.06:778][561]LogModuleManager: Shutting down and abandoning module AutomationController (154)
[2016.08.14-14.08.06:789][561]LogModuleManager: Shutting down and abandoning module AutomationWindow (153)
[2016.08.14-14.08.06:835][561]LogModuleManager: Shutting down and abandoning module Layers (152)
[2016.08.14-14.08.06:852][561]LogModuleManager: Shutting down and abandoning module ComponentVisualizers (151)
[2016.08.14-14.08.06:852][561]LogModuleManager: Shutting down and abandoning module DetailCustomizations (150)
[2016.08.14-14.08.06:875][561]LogModuleManager: Shutting down and abandoning module PackagesDialog (149)
[2016.08.14-14.08.06:875][561]LogModuleManager: Shutting down and abandoning module Persona (148)
[2016.08.14-14.08.06:907][561]LogModuleManager: Shutting down and abandoning module Kismet (147)
[2016.08.14-14.08.06:907][561]LogModuleManager: Shutting down and abandoning module GraphEditor (146)
[2016.08.14-14.08.06:907][561]LogModuleManager: Shutting down and abandoning module ClassViewer (145)
[2016.08.14-14.08.06:910][561]LogModuleManager: Shutting down and abandoning module Toolbox (144)
[2016.08.14-14.08.06:910][561]LogModuleManager: Shutting down and abandoning module ModuleUI (143)
[2016.08.14-14.08.06:964][561]LogModuleManager: Shutting down and abandoning module MovieSceneTools (142)
[2016.08.14-14.08.06:983][561]LogModuleManager: Shutting down and abandoning module OutputLog (141)
[2016.08.14-14.08.06:984][561]LogModuleManager: Shutting down and abandoning module GammaUI (140)
[2016.08.14-14.08.07:003][561]LogModuleManager: Shutting down and abandoning module Documentation (139)
[2016.08.14-14.08.07:003][561]LogModuleManager: Shutting down and abandoning module StreamingPauseRendering (138)
[2016.08.14-14.08.07:003][561]LogModuleManager: Shutting down and abandoning module AnalyticsET (137)
[2016.08.14-14.08.07:003][561]LogModuleManager: Shutting down and abandoning module Analytics (136)
[2016.08.14-14.08.07:003][561]LogModuleManager: Shutting down and abandoning module PortalServices (135)
[2016.08.14-14.08.07:003][561]LogModuleManager: Shutting down and abandoning module PortalRpc (134)
[2016.08.14-14.08.07:004][561]LogModuleManager: Shutting down and abandoning module MessagingRpc (133)
[2016.08.14-14.08.07:004][561]LogModuleManager: Shutting down and abandoning module GameplayDebugger (132)
[2016.08.14-14.08.07:004][561]LogModuleManager: Shutting down and abandoning module AITestSuite (131)
[2016.08.14-14.08.07:004][561]LogModuleManager: Shutting down and abandoning module AIModule (130)
[2016.08.14-14.08.07:004][561]LogModuleManager: Shutting down and abandoning module ProfilerService (129)
[2016.08.14-14.08.07:010][561]LogModuleManager: Shutting down and abandoning module TaskGraph (128)
[2016.08.14-14.08.07:019][561]LogModuleManager: Shutting down and abandoning module SlateRemote (127)
[2016.08.14-14.08.07:019][561]LogModuleManager: Shutting down and abandoning module SteamVRController (126)
[2016.08.14-14.08.07:019][561]LogModuleManager: Shutting down and abandoning module SteamVR (125)
[2016.08.14-14.08.07:019][561]LogModuleManager: Shutting down and abandoning module ProceduralMeshComponent (124)
[2016.08.14-14.08.07:019][561]LogModuleManager: Shutting down and abandoning module OculusLibrary (123)
[2016.08.14-14.08.07:019][561]LogModuleManager: Shutting down and abandoning module OculusInput (122)
[2016.08.14-14.08.07:019][561]LogModuleManager: Shutting down and abandoning module CustomMeshComponent (121)
[2016.08.14-14.08.07:019][561]LogModuleManager: Shutting down and abandoning module CableComponent (120)
[2016.08.14-14.08.07:019][561]LogModuleManager: Shutting down and abandoning module ArchVisCharacter (119)
[2016.08.14-14.08.07:019][561]LogModuleManager: Shutting down and abandoning module MediaPlayerEditor (118)
[2016.08.14-14.08.07:032][561]LogModuleManager: Shutting down and abandoning module HTML5Networking (117)
[2016.08.14-14.08.07:032][561]LogModuleManager: Shutting down and abandoning module SuperSearch (116)
[2016.08.14-14.08.07:032][561]LogModuleManager: Shutting down and abandoning module SuperSearchEditor (115)
[2016.08.14-14.08.07:032][561]LogModuleManager: Shutting down and abandoning module SpeedTreeImporter (114)
[2016.08.14-14.08.07:032][561]LogModuleManager: Shutting down and abandoning module PluginBrowser (113)
[2016.08.14-14.08.07:032][561]LogModuleManager: Shutting down and abandoning module EpicSurvey (112)
[2016.08.14-14.08.07:032][561]LogModuleManager: Shutting down and abandoning module DesktopPlatform (111)
[2016.08.14-14.08.07:033][561]LogModuleManager: Shutting down and abandoning module VisualStudioSourceCodeAccess (110)
[2016.08.14-14.08.07:033][561]LogModuleManager: Shutting down and abandoning module UObjectPlugin (109)
[2016.08.14-14.08.07:033][561]LogModuleManager: Shutting down and abandoning module SubversionSourceControl (108)
[2016.08.14-14.08.07:033][561]LogModuleManager: Shutting down and abandoning module PerforceSourceControl (107)
[2016.08.14-14.08.07:033][561]LogModuleManager: Shutting down and abandoning module SourceControl (106)
[2016.08.14-14.08.07:033][561]LogModuleManager: Shutting down and abandoning module GitSourceControl (105)
[2016.08.14-14.08.07:033][561]LogModuleManager: Shutting down and abandoning module LightPropagationVolumeEditor (104)
[2016.08.14-14.08.07:033][561]LogModuleManager: Shutting down and abandoning module PaperTiledImporter (103)
[2016.08.14-14.08.07:033][561]LogModuleManager: Shutting down and abandoning module PaperSpriteSheetImporter (102)
[2016.08.14-14.08.07:033][561]LogModuleManager: Shutting down and abandoning module MeshPaint (101)
[2016.08.14-14.08.07:033][561]LogModuleManager: Shutting down and abandoning module PixelInspectorModule (100)
[2016.08.14-14.08.07:033][561]LogModuleManager: Shutting down and abandoning module HotReload (99)
[2016.08.14-14.08.07:034][561]LogModuleManager: Shutting down and abandoning module MainFrame (98)
[2016.08.14-14.08.07:034][561]LogModuleManager: Shutting down and abandoning module LevelEditor (97)
[2016.08.14-14.08.07:035][561]LogModuleManager: Shutting down and abandoning module ContentBrowser (96)
[2016.08.14-14.08.07:037][561]LogModuleManager: Shutting down and abandoning module Paper2DEditor (95)
[2016.08.14-14.08.07:048][561]LogModuleManager: Shutting down and abandoning module UdpMessaging (94)
[2016.08.14-14.08.07:149][561]LogModuleManager: Shutting down and abandoning module LightPropagationVolumeRuntime (93)
[2016.08.14-14.08.07:149][561]LogModuleManager: Shutting down and abandoning module Paper2D (92)
[2016.08.14-14.08.07:149][561]LogModuleManager: Shutting down and abandoning module WindowsMoviePlayer (91)
[2016.08.14-14.08.07:149][561]LogModuleManager: Shutting down and abandoning module Media (90)
[2016.08.14-14.08.07:149][561]LogModuleManager: Shutting down and abandoning module WmfMedia (89)
[2016.08.14-14.08.07:156][561]LogModuleManager: Shutting down and abandoning module MediaAssets (88)
[2016.08.14-14.08.07:156][561]LogModuleManager: Shutting down and abandoning module GameLiveStreaming (87)
[2016.08.14-14.08.07:156][561]LogModuleManager: Shutting down and abandoning module GameplayTagsEditor (86)
[2016.08.14-14.08.07:156][561]LogModuleManager: Shutting down and abandoning module OnlineBlueprintSupport (85)
[2016.08.14-14.08.07:156][561]LogModuleManager: Shutting down and abandoning module VREditor (84)
[2016.08.14-14.08.07:160][561]LogModuleManager: Shutting down and abandoning module GameplayTasksEditor (83)
[2016.08.14-14.08.07:160][561]LogModuleManager: Shutting down and abandoning module PropertyEditor (82)
[2016.08.14-14.08.07:160][561]LogModuleManager: Shutting down and abandoning module BehaviorTreeEditor (81)
[2016.08.14-14.08.07:160][561]LogModuleManager: Shutting down and abandoning module FunctionalTesting (80)
[2016.08.14-14.08.07:160][561]LogModuleManager: Shutting down and abandoning module CollisionAnalyzer (79)
[2016.08.14-14.08.07:171][561]LogModuleManager: Shutting down and abandoning module Sequencer (78)
[2016.08.14-14.08.07:189][561]LogModuleManager: Shutting down and abandoning module WorkspaceMenuStructure (77)
[2016.08.14-14.08.07:189][561]LogModuleManager: Shutting down and abandoning module MessageLog (76)
[2016.08.14-14.08.07:190][561]LogModuleManager: Shutting down and abandoning module AssetTools (75)
[2016.08.14-14.08.07:195][561]LogModuleManager: Shutting down and abandoning module UMGEditor (74)
[2016.08.14-14.08.07:209][561]LogModuleManager: Shutting down and abandoning module UMG (73)
[2016.08.14-14.08.07:228][561]LogModuleManager: Shutting down and abandoning module SlateReflector (72)
[2016.08.14-14.08.07:236][561]LogModuleManager: Shutting down and abandoning module Slate (71)
[2016.08.14-14.08.07:236][561]LogModuleManager: Shutting down and abandoning module EditorStyle (70)
[2016.08.14-14.08.07:241][561]LogModuleManager: Shutting down and abandoning module SourceCodeAccess (69)
[2016.08.14-14.08.07:241][561]LogModuleManager: Shutting down and abandoning module HeadMountedDisplay (68)
[2016.08.14-14.08.07:241][561]LogModuleManager: Shutting down and abandoning module XAudio2 (67)
[2016.08.14-14.08.07:241][561]LogModuleManager: Shutting down and abandoning module Networking (65)
[2016.08.14-14.08.07:241][561]LogModuleManager: Shutting down and abandoning module Core (64)
[2016.08.14-14.08.07:241][561]LogModuleManager: Shutting down and abandoning module DirectoryWatcher (63)
[2016.08.14-14.08.07:243][561]LogModuleManager: Shutting down and abandoning module AssetRegistry (62)
[2016.08.14-14.08.07:503][561]LogModuleManager: Shutting down and abandoning module KismetCompiler (61)
[2016.08.14-14.08.07:503][561]LogModuleManager: Shutting down and abandoning module PhysXFormats (60)
[2016.08.14-14.08.07:504][561]LogModuleManager: Shutting down and abandoning module MeshUtilities (59)
[2016.08.14-14.08.07:511][561]LogModuleManager: Shutting down and abandoning module DerivedDataCache (58)
[2016.08.14-14.08.07:516][561]LogDerivedDataCache: Shutdown
[2016.08.14-14.08.07:517][561]LogModuleManager: Shutting down and abandoning module VulkanShaderFormat (57)
[2016.08.14-14.08.07:517][561]LogModuleManager: Shutting down and abandoning module ShaderFormatOpenGL (56)
[2016.08.14-14.08.07:523][561]LogModuleManager: Shutting down and abandoning module ShaderFormatD3D (55)
[2016.08.14-14.08.07:523][561]LogModuleManager: Shutting down and abandoning module MetalShaderFormat (54)
[2016.08.14-14.08.07:553][561]LogModuleManager: Shutting down and abandoning module TextureFormatUncompressed (53)
[2016.08.14-14.08.07:553][561]LogModuleManager: Shutting down and abandoning module TextureFormatPVR (52)
[2016.08.14-14.08.07:553][561]LogModuleManager: Shutting down and abandoning module TextureFormatIntelISPCTexComp (51)
[2016.08.14-14.08.07:553][561]LogModuleManager: Shutting down and abandoning module TextureFormatDXT (50)
[2016.08.14-14.08.07:554][561]LogModuleManager: Shutting down and abandoning module ImageWrapper (49)
[2016.08.14-14.08.07:554][561]LogModuleManager: Shutting down and abandoning module TextureFormatASTC (48)
[2016.08.14-14.08.07:554][561]LogModuleManager: Shutting down and abandoning module TextureFormatAndroid (47)
[2016.08.14-14.08.07:554][561]LogModuleManager: Shutting down and abandoning module AudioFormatOpus (46)
[2016.08.14-14.08.07:554][561]LogModuleManager: Shutting down and abandoning module AudioFormatOgg (45)
[2016.08.14-14.08.07:554][561]LogModuleManager: Shutting down and abandoning module AudioFormatADPCM (44)
[2016.08.14-14.08.07:554][561]LogModuleManager: Shutting down and abandoning module LinuxTargetPlatform (43)
[2016.08.14-14.08.07:554][561]LogModuleManager: Shutting down and abandoning module LinuxServerTargetPlatform (42)
[2016.08.14-14.08.07:554][561]LogModuleManager: Shutting down and abandoning module LinuxNoEditorTargetPlatform (41)
[2016.08.14-14.08.07:554][561]LogModuleManager: Shutting down and abandoning module TVOSTargetPlatform (40)
[2016.08.14-14.08.07:554][561]LogModuleManager: Shutting down and abandoning module Messaging (39)
[2016.08.14-14.08.07:554][561]LogModuleManager: Shutting down and abandoning module IOSTargetPlatform (38)
[2016.08.14-14.08.07:554][561]LogModuleManager: Shutting down and abandoning module HTML5TargetPlatform (37)
[2016.08.14-14.08.07:554][561]LogModuleManager: Shutting down and abandoning module Android_PVRTCTargetPlatform (36)
[2016.08.14-14.08.07:554][561]LogModuleManager: Shutting down and abandoning module Android_MultiTargetPlatform (35)
[2016.08.14-14.08.07:554][561]LogModuleManager: Shutting down and abandoning module Android_ETC2TargetPlatform (34)
[2016.08.14-14.08.07:554][561]LogModuleManager: Shutting down and abandoning module Android_ETC1TargetPlatform (33)
[2016.08.14-14.08.07:554][561]LogModuleManager: Shutting down and abandoning module Android_DXTTargetPlatform (32)
[2016.08.14-14.08.07:554][561]LogModuleManager: Shutting down and abandoning module Android_ATCTargetPlatform (31)
[2016.08.14-14.08.07:554][561]LogModuleManager: Shutting down and abandoning module Android_ASTCTargetPlatform (30)
[2016.08.14-14.08.07:554][561]LogModuleManager: Shutting down and abandoning module AndroidTargetPlatform (29)
[2016.08.14-14.08.07:554][561]LogModuleManager: Shutting down and abandoning module WindowsTargetPlatform (28)
[2016.08.14-14.08.07:554][561]LogModuleManager: Shutting down and abandoning module WindowsServerTargetPlatform (27)
[2016.08.14-14.08.07:554][561]LogModuleManager: Shutting down and abandoning module WindowsNoEditorTargetPlatform (26)
[2016.08.14-14.08.07:554][561]LogModuleManager: Shutting down and abandoning module WindowsClientTargetPlatform (25)
[2016.08.14-14.08.07:554][561]LogModuleManager: Shutting down and abandoning module AllDesktopTargetPlatform (24)
[2016.08.14-14.08.07:554][561]LogModuleManager: Shutting down and abandoning module TargetPlatform (23)
[2016.08.14-14.08.07:554][561]LogModuleManager: Shutting down and abandoning module InputCore (22)
[2016.08.14-14.08.07:554][561]LogModuleManager: Shutting down and abandoning module Settings (21)
[2016.08.14-14.08.07:554][561]LogModuleManager: Shutting down and abandoning module OnlineSubsystem (19)
[2016.08.14-14.08.07:554][561]LogModuleManager: Shutting down and abandoning module HTTP (18)
[2016.08.14-14.08.10:612][561]LogModuleManager: Shutting down and abandoning module XMPP (17)
[2016.08.14-14.08.10:715][561]LogModuleManager: Shutting down and abandoning module OculusRift (16)
[2016.08.14-14.08.10:753][561]LogModuleManager: Shutting down and abandoning module ExampleDeviceProfileSelector (15)
[2016.08.14-14.08.10:753][561]LogModuleManager: Shutting down and abandoning module TextureCompressor (14)
[2016.08.14-14.08.10:759][561]LogModuleManager: Shutting down and abandoning module ShaderCore (13)
[2016.08.14-14.08.10:759][561]LogModuleManager: Shutting down and abandoning module Landscape (12)
[2016.08.14-14.08.10:759][561]LogModuleManager: Shutting down and abandoning module SlateRHIRenderer (11)
[2016.08.14-14.08.10:765][561]LogModuleManager: Shutting down and abandoning module OpenGLDrv (10)
[2016.08.14-14.08.10:802][561]LogModuleManager: Shutting down and abandoning module D3D11RHI (9)
[2016.08.14-14.08.10:802][561]LogModuleManager: Shutting down and abandoning module AnimGraphRuntime (8)
[2016.08.14-14.08.10:802][561]LogModuleManager: Shutting down and abandoning module Renderer (7)
[2016.08.14-14.08.10:802][561]LogModuleManager: Shutting down and abandoning module Engine (6)
[2016.08.14-14.08.10:802][561]LogModuleManager: Shutting down and abandoning module CoreUObject (5)
[2016.08.14-14.08.10:802][561]LogModuleManager: Shutting down and abandoning module NetworkFile (4)
[2016.08.14-14.08.10:802][561]LogModuleManager: Shutting down and abandoning module StreamingFile (3)
[2016.08.14-14.08.10:802][561]LogModuleManager: Shutting down and abandoning module SandboxFile (2)
[2016.08.14-14.08.10:802][561]LogModuleManager: Shutting down and abandoning module PakFile (1)
[2016.08.14-14.08.10:822][561]LogExit: Exiting.
[2016.08.14-14.08.10:879][561]Log file closed, 08/14/16 16:08:10
